# JRE version: OpenJDK Runtime Environment (Zulu 8.58.0.13-CA-macosx) (8.0_312-b07) (build 1.8.0_312-b07)
# Java VM: OpenJDK 64-Bit Server VM (25.312-b07 mixed mode bsd-amd64 compressed oops)
Heap:
 PSYoungGen      total 68096K, used 25906K [0x0000000795580000, 0x000000079a080000, 0x00000007c0000000)
  eden space 62976K, 33% used [0x0000000795580000,0x00000007969d12d0,0x0000000799300000)
  from space 5120K, 99% used [0x0000000799b80000,0x000000079a07b890,0x000000079a080000)
  to   space 5120K, 0% used [0x0000000799680000,0x0000000799680000,0x0000000799b80000)
 ParOldGen       total 109568K, used 58122K [0x0000000740000000, 0x0000000746b00000, 0x0000000795580000)
  object space 109568K, 53% used [0x0000000740000000,0x00000007438c2a90,0x0000000746b00000)
 Metaspace       used 29014K, capacity 30560K, committed 30640K, reserved 1075200K
  class space    used 3954K, capacity 4243K, committed 4272K, reserved 1048576K
GC Heap History (10 events):
Event: 3.246 GC heap before
{Heap before GC invocations=1 (full 0):
 PSYoungGen      total 38400K, used 33280K [0x0000000795580000, 0x0000000798000000, 0x00000007c0000000)
  eden space 33280K, 100% used [0x0000000795580000,0x0000000797600000,0x0000000797600000)
  from space 5120K, 0% used [0x0000000797b00000,0x0000000797b00000,0x0000000798000000)
  to   space 5120K, 0% used [0x0000000797600000,0x0000000797600000,0x0000000797b00000)
 ParOldGen       total 87552K, used 48847K [0x0000000740000000, 0x0000000745580000, 0x0000000795580000)
  object space 87552K, 55% used [0x0000000740000000,0x0000000742fb3eb8,0x0000000745580000)
 Metaspace       used 11927K, capacity 12326K, committed 12416K, reserved 1060864K
  class space    used 1535K, capacity 1664K, committed 1664K, reserved 1048576K
Event: 3.271 GC heap after
Heap after GC invocations=1 (full 0):
 PSYoungGen      total 38400K, used 5090K [0x0000000795580000, 0x0000000798000000, 0x00000007c0000000)
  eden space 33280K, 0% used [0x0000000795580000,0x0000000795580000,0x0000000797600000)
  from space 5120K, 99% used [0x0000000797600000,0x0000000797af8a50,0x0000000797b00000)
  to   space 5120K, 0% used [0x0000000797b00000,0x0000000797b00000,0x0000000798000000)
 ParOldGen       total 87552K, used 51234K [0x0000000740000000, 0x0000000745580000, 0x0000000795580000)
  object space 87552K, 58% used [0x0000000740000000,0x0000000743208a38,0x0000000745580000)
 Metaspace       used 11927K, capacity 12326K, committed 12416K, reserved 1060864K
  class space    used 1535K, capacity 1664K, committed 1664K, reserved 1048576K
}
Event: 10.143 GC heap before
{Heap before GC invocations=2 (full 0):
 PSYoungGen      total 38400K, used 38370K [0x0000000795580000, 0x0000000798000000, 0x00000007c0000000)
  eden space 33280K, 100% used [0x0000000795580000,0x0000000797600000,0x0000000797600000)
  from space 5120K, 99% used [0x0000000797600000,0x0000000797af8a50,0x0000000797b00000)
  to   space 5120K, 0% used [0x0000000797b00000,0x0000000797b00000,0x0000000798000000)
 ParOldGen       total 87552K, used 51234K [0x0000000740000000, 0x0000000745580000, 0x0000000795580000)
  object space 87552K, 58% used [0x0000000740000000,0x0000000743208a38,0x0000000745580000)
 Metaspace       used 19366K, capacity 20326K, committed 20480K, reserved 1067008K
  class space    used 2779K, capacity 3020K, committed 3072K, reserved 1048576K
Event: 10.154 GC heap after
Heap after GC invocations=2 (full 0):
 PSYoungGen      total 38400K, used 5090K [0x0000000795580000, 0x0000000798000000, 0x00000007c0000000)
  eden space 33280K, 0% used [0x0000000795580000,0x0000000795580000,0x0000000797600000)
  from space 5120K, 99% used [0x0000000797b00000,0x0000000797ff8918,0x0000000798000000)
  to   space 5120K, 0% used [0x0000000797600000,0x0000000797600000,0x0000000797b00000)
 ParOldGen       total 87552K, used 58778K [0x0000000740000000, 0x0000000745580000, 0x0000000795580000)
  object space 87552K, 67% used [0x0000000740000000,0x0000000743966810,0x0000000745580000)
 Metaspace       used 19366K, capacity 20326K, committed 20480K, reserved 1067008K
  class space    used 2779K, capacity 3020K, committed 3072K, reserved 1048576K
}
Event: 10.238 GC heap before
{Heap before GC invocations=3 (full 0):
 PSYoungGen      total 38400K, used 9083K [0x0000000795580000, 0x0000000798000000, 0x00000007c0000000)
  eden space 33280K, 11% used [0x0000000795580000,0x00000007959664f0,0x0000000797600000)
  from space 5120K, 99% used [0x0000000797b00000,0x0000000797ff8918,0x0000000798000000)
  to   space 5120K, 0% used [0x0000000797600000,0x0000000797600000,0x0000000797b00000)
 ParOldGen       total 87552K, used 58778K [0x0000000740000000, 0x0000000745580000, 0x0000000795580000)
  object space 87552K, 67% used [0x0000000740000000,0x0000000743966810,0x0000000745580000)
 Metaspace       used 20358K, capacity 21222K, committed 21296K, reserved 1067008K
  class space    used 2863K, capacity 3084K, committed 3120K, reserved 1048576K
Event: 10.244 GC heap after
Heap after GC invocations=3 (full 0):
 PSYoungGen      total 38400K, used 5089K [0x0000000795580000, 0x000000079a080000, 0x00000007c0000000)
  eden space 33280K, 0% used [0x0000000795580000,0x0000000795580000,0x0000000797600000)
  from space 5120K, 99% used [0x0000000797600000,0x0000000797af8580,0x0000000797b00000)
  to   space 5120K, 0% used [0x0000000799b80000,0x0000000799b80000,0x000000079a080000)
 ParOldGen       total 87552K, used 59282K [0x0000000740000000, 0x0000000745580000, 0x0000000795580000)
  object space 87552K, 67% used [0x0000000740000000,0x00000007439e4980,0x0000000745580000)
 Metaspace       used 20358K, capacity 21222K, committed 21296K, reserved 1067008K
  class space    used 2863K, capacity 3084K, committed 3120K, reserved 1048576K
}
Event: 10.244 GC heap before
{Heap before GC invocations=4 (full 1):
 PSYoungGen      total 38400K, used 5089K [0x0000000795580000, 0x000000079a080000, 0x00000007c0000000)
  eden space 33280K, 0% used [0x0000000795580000,0x0000000795580000,0x0000000797600000)
  from space 5120K, 99% used [0x0000000797600000,0x0000000797af8580,0x0000000797b00000)
  to   space 5120K, 0% used [0x0000000799b80000,0x0000000799b80000,0x000000079a080000)
 ParOldGen       total 87552K, used 59282K [0x0000000740000000, 0x0000000745580000, 0x0000000795580000)
  object space 87552K, 67% used [0x0000000740000000,0x00000007439e4980,0x0000000745580000)
 Metaspace       used 20358K, capacity 21222K, committed 21296K, reserved 1067008K
  class space    used 2863K, capacity 3084K, committed 3120K, reserved 1048576K
Event: 10.276 GC heap after
Heap after GC invocations=4 (full 1):
 PSYoungGen      total 38400K, used 0K [0x0000000795580000, 0x000000079a080000, 0x00000007c0000000)
  eden space 33280K, 0% used [0x0000000795580000,0x0000000795580000,0x0000000797600000)
  from space 5120K, 0% used [0x0000000797600000,0x0000000797600000,0x0000000797b00000)
  to   space 5120K, 0% used [0x0000000799b80000,0x0000000799b80000,0x000000079a080000)
 ParOldGen       total 109568K, used 57108K [0x0000000740000000, 0x0000000746b00000, 0x0000000795580000)
  object space 109568K, 52% used [0x0000000740000000,0x00000007437c5208,0x0000000746b00000)
 Metaspace       used 20358K, capacity 21222K, committed 21296K, reserved 1067008K
  class space    used 2863K, capacity 3084K, committed 3120K, reserved 1048576K
}
Event: 11.270 GC heap before
{Heap before GC invocations=5 (full 1):
 PSYoungGen      total 38400K, used 33280K [0x0000000795580000, 0x000000079a080000, 0x00000007c0000000)
  eden space 33280K, 100% used [0x0000000795580000,0x0000000797600000,0x0000000797600000)
  from space 5120K, 0% used [0x0000000797600000,0x0000000797600000,0x0000000797b00000)
  to   space 5120K, 0% used [0x0000000799b80000,0x0000000799b80000,0x000000079a080000)
 ParOldGen       total 109568K, used 57108K [0x0000000740000000, 0x0000000746b00000, 0x0000000795580000)
  object space 109568K, 52% used [0x0000000740000000,0x00000007437c5208,0x0000000746b00000)
 Metaspace       used 27051K, capacity 28330K, committed 28592K, reserved 1073152K
  class space    used 3721K, capacity 3994K, committed 4016K, reserved 1048576K
Event: 11.281 GC heap after
Heap after GC invocations=5 (full 1):
 PSYoungGen      total 68096K, used 5102K [0x0000000795580000, 0x000000079a080000, 0x00000007c0000000)
  eden space 62976K, 0% used [0x0000000795580000,0x0000000795580000,0x0000000799300000)
  from space 5120K, 99% used [0x0000000799b80000,0x000000079a07b890,0x000000079a080000)
  to   space 5120K, 0% used [0x0000000799680000,0x0000000799680000,0x0000000799b80000)
 ParOldGen       total 109568K, used 58122K [0x0000000740000000, 0x0000000746b00000, 0x0000000795580000)
  object space 109568K, 53% used [0x0000000740000000,0x00000007438c2a90,0x0000000746b00000)
 Metaspace       used 27051K, capacity 28330K, committed 28592K, reserved 1073152K
  class space    used 3721K, capacity 3994K, committed 4016K, reserved 1048576K
}

