# JRE version: OpenJDK Runtime Environment (Zulu 8.58.0.13-CA-macosx) (8.0_312-b07) (build 1.8.0_312-b07)
# Java VM: OpenJDK 64-Bit Server VM (25.312-b07 mixed mode bsd-amd64 compressed oops)
Heap:
 PSYoungGen      total 64000K, used 20150K [0x0000000795580000, 0x000000079a080000, 0x00000007c0000000)
  eden space 58880K, 25% used [0x0000000795580000,0x0000000796432af0,0x0000000798f00000)
  from space 5120K, 99% used [0x0000000799b80000,0x000000079a07b030,0x000000079a080000)
  to   space 5120K, 0% used [0x0000000799680000,0x0000000799680000,0x0000000799b80000)
 ParOldGen       total 112640K, used 59987K [0x0000000740000000, 0x0000000746e00000, 0x0000000795580000)
  object space 112640K, 53% used [0x0000000740000000,0x0000000743a94d10,0x0000000746e00000)
 Metaspace       used 27629K, capacity 28838K, committed 29104K, reserved 1075200K
  class space    used 3681K, capacity 3948K, committed 4016K, reserved 1048576K
GC Heap History (10 events):
Event: 2.037 GC heap before
{Heap before GC invocations=1 (full 0):
 PSYoungGen      total 38400K, used 33280K [0x0000000795580000, 0x0000000798000000, 0x00000007c0000000)
  eden space 33280K, 100% used [0x0000000795580000,0x0000000797600000,0x0000000797600000)
  from space 5120K, 0% used [0x0000000797b00000,0x0000000797b00000,0x0000000798000000)
  to   space 5120K, 0% used [0x0000000797600000,0x0000000797600000,0x0000000797b00000)
 ParOldGen       total 87552K, used 48847K [0x0000000740000000, 0x0000000745580000, 0x0000000795580000)
  object space 87552K, 55% used [0x0000000740000000,0x0000000742fb3eb8,0x0000000745580000)
 Metaspace       used 11696K, capacity 12088K, committed 12416K, reserved 1060864K
  class space    used 1511K, capacity 1629K, committed 1664K, reserved 1048576K
Event: 2.052 GC heap after
Heap after GC invocations=1 (full 0):
 PSYoungGen      total 38400K, used 5091K [0x0000000795580000, 0x0000000798000000, 0x00000007c0000000)
  eden space 33280K, 0% used [0x0000000795580000,0x0000000795580000,0x0000000797600000)
  from space 5120K, 99% used [0x0000000797600000,0x0000000797af8fe0,0x0000000797b00000)
  to   space 5120K, 0% used [0x0000000797b00000,0x0000000797b00000,0x0000000798000000)
 ParOldGen       total 87552K, used 50938K [0x0000000740000000, 0x0000000745580000, 0x0000000795580000)
  object space 87552K, 58% used [0x0000000740000000,0x00000007431be908,0x0000000745580000)
 Metaspace       used 11696K, capacity 12088K, committed 12416K, reserved 1060864K
  class space    used 1511K, capacity 1629K, committed 1664K, reserved 1048576K
}
Event: 8.393 GC heap before
{Heap before GC invocations=2 (full 0):
 PSYoungGen      total 38400K, used 38371K [0x0000000795580000, 0x0000000798000000, 0x00000007c0000000)
  eden space 33280K, 100% used [0x0000000795580000,0x0000000797600000,0x0000000797600000)
  from space 5120K, 99% used [0x0000000797600000,0x0000000797af8fe0,0x0000000797b00000)
  to   space 5120K, 0% used [0x0000000797b00000,0x0000000797b00000,0x0000000798000000)
 ParOldGen       total 87552K, used 50938K [0x0000000740000000, 0x0000000745580000, 0x0000000795580000)
  object space 87552K, 58% used [0x0000000740000000,0x00000007431be908,0x0000000745580000)
 Metaspace       used 19160K, capacity 19942K, committed 20224K, reserved 1067008K
  class space    used 2740K, capacity 2946K, committed 3072K, reserved 1048576K
Event: 8.405 GC heap after
Heap after GC invocations=2 (full 0):
 PSYoungGen      total 38400K, used 5117K [0x0000000795580000, 0x0000000798000000, 0x00000007c0000000)
  eden space 33280K, 0% used [0x0000000795580000,0x0000000795580000,0x0000000797600000)
  from space 5120K, 99% used [0x0000000797b00000,0x0000000797fff580,0x0000000798000000)
  to   space 5120K, 0% used [0x0000000797600000,0x0000000797600000,0x0000000797b00000)
 ParOldGen       total 87552K, used 57609K [0x0000000740000000, 0x0000000745580000, 0x0000000795580000)
  object space 87552K, 65% used [0x0000000740000000,0x0000000743842660,0x0000000745580000)
 Metaspace       used 19160K, capacity 19942K, committed 20224K, reserved 1067008K
  class space    used 2740K, capacity 2946K, committed 3072K, reserved 1048576K
}
Event: 8.555 GC heap before
{Heap before GC invocations=3 (full 0):
 PSYoungGen      total 38400K, used 11215K [0x0000000795580000, 0x0000000798000000, 0x00000007c0000000)
  eden space 33280K, 18% used [0x0000000795580000,0x0000000795b74750,0x0000000797600000)
  from space 5120K, 99% used [0x0000000797b00000,0x0000000797fff580,0x0000000798000000)
  to   space 5120K, 0% used [0x0000000797600000,0x0000000797600000,0x0000000797b00000)
 ParOldGen       total 87552K, used 57609K [0x0000000740000000, 0x0000000745580000, 0x0000000795580000)
  object space 87552K, 65% used [0x0000000740000000,0x0000000743842660,0x0000000745580000)
 Metaspace       used 20453K, capacity 21222K, committed 21296K, reserved 1067008K
  class space    used 2855K, capacity 3074K, committed 3120K, reserved 1048576K
Event: 8.561 GC heap after
Heap after GC invocations=3 (full 0):
 PSYoungGen      total 38400K, used 5103K [0x0000000795580000, 0x000000079a080000, 0x00000007c0000000)
  eden space 33280K, 0% used [0x0000000795580000,0x0000000795580000,0x0000000797600000)
  from space 5120K, 99% used [0x0000000797600000,0x0000000797afbd80,0x0000000797b00000)
  to   space 5120K, 0% used [0x0000000799b80000,0x0000000799b80000,0x000000079a080000)
 ParOldGen       total 87552K, used 59338K [0x0000000740000000, 0x0000000745580000, 0x0000000795580000)
  object space 87552K, 67% used [0x0000000740000000,0x00000007439f2880,0x0000000745580000)
 Metaspace       used 20453K, capacity 21222K, committed 21296K, reserved 1067008K
  class space    used 2855K, capacity 3074K, committed 3120K, reserved 1048576K
}
Event: 8.561 GC heap before
{Heap before GC invocations=4 (full 1):
 PSYoungGen      total 38400K, used 5103K [0x0000000795580000, 0x000000079a080000, 0x00000007c0000000)
  eden space 33280K, 0% used [0x0000000795580000,0x0000000795580000,0x0000000797600000)
  from space 5120K, 99% used [0x0000000797600000,0x0000000797afbd80,0x0000000797b00000)
  to   space 5120K, 0% used [0x0000000799b80000,0x0000000799b80000,0x000000079a080000)
 ParOldGen       total 87552K, used 59338K [0x0000000740000000, 0x0000000745580000, 0x0000000795580000)
  object space 87552K, 67% used [0x0000000740000000,0x00000007439f2880,0x0000000745580000)
 Metaspace       used 20453K, capacity 21222K, committed 21296K, reserved 1067008K
  class space    used 2855K, capacity 3074K, committed 3120K, reserved 1048576K
Event: 8.596 GC heap after
Heap after GC invocations=4 (full 1):
 PSYoungGen      total 38400K, used 0K [0x0000000795580000, 0x000000079a080000, 0x00000007c0000000)
  eden space 33280K, 0% used [0x0000000795580000,0x0000000795580000,0x0000000797600000)
  from space 5120K, 0% used [0x0000000797600000,0x0000000797600000,0x0000000797b00000)
  to   space 5120K, 0% used [0x0000000799b80000,0x0000000799b80000,0x000000079a080000)
 ParOldGen       total 112640K, used 58314K [0x0000000740000000, 0x0000000746e00000, 0x0000000795580000)
  object space 112640K, 51% used [0x0000000740000000,0x00000007438f29f8,0x0000000746e00000)
 Metaspace       used 20453K, capacity 21222K, committed 21296K, reserved 1067008K
  class space    used 2855K, capacity 3074K, committed 3120K, reserved 1048576K
}
Event: 12.898 GC heap before
{Heap before GC invocations=5 (full 1):
 PSYoungGen      total 38400K, used 33280K [0x0000000795580000, 0x000000079a080000, 0x00000007c0000000)
  eden space 33280K, 100% used [0x0000000795580000,0x0000000797600000,0x0000000797600000)
  from space 5120K, 0% used [0x0000000797600000,0x0000000797600000,0x0000000797b00000)
  to   space 5120K, 0% used [0x0000000799b80000,0x0000000799b80000,0x000000079a080000)
 ParOldGen       total 112640K, used 58314K [0x0000000740000000, 0x0000000746e00000, 0x0000000795580000)
  object space 112640K, 51% used [0x0000000740000000,0x00000007438f29f8,0x0000000746e00000)
 Metaspace       used 26817K, capacity 28006K, committed 28336K, reserved 1073152K
  class space    used 3653K, capacity 3912K, committed 4016K, reserved 1048576K
Event: 12.911 GC heap after
Heap after GC invocations=5 (full 1):
 PSYoungGen      total 64000K, used 5100K [0x0000000795580000, 0x000000079a080000, 0x00000007c0000000)
  eden space 58880K, 0% used [0x0000000795580000,0x0000000795580000,0x0000000798f00000)
  from space 5120K, 99% used [0x0000000799b80000,0x000000079a07b030,0x000000079a080000)
  to   space 5120K, 0% used [0x0000000799680000,0x0000000799680000,0x0000000799b80000)
 ParOldGen       total 112640K, used 59987K [0x0000000740000000, 0x0000000746e00000, 0x0000000795580000)
  object space 112640K, 53% used [0x0000000740000000,0x0000000743a94d10,0x0000000746e00000)
 Metaspace       used 26817K, capacity 28006K, committed 28336K, reserved 1073152K
  class space    used 3653K, capacity 3912K, committed 4016K, reserved 1048576K
}

