# JRE version: OpenJDK Runtime Environment (Zulu 8.58.0.13-CA-macosx) (8.0_312-b07) (build 1.8.0_312-b07)
# Java VM: OpenJDK 64-Bit Server VM (25.312-b07 mixed mode bsd-amd64 compressed oops)
Heap:
 PSYoungGen      total 71680K, used 14754K [0x0000000795580000, 0x000000079ce00000, 0x00000007c0000000)
  eden space 66560K, 22% used [0x0000000795580000,0x00000007963e8bb0,0x0000000799680000)
  from space 5120K, 0% used [0x0000000799680000,0x0000000799680000,0x0000000799b80000)
  to   space 12800K, 0% used [0x000000079c180000,0x000000079c180000,0x000000079ce00000)
 ParOldGen       total 95232K, used 15506K [0x0000000740000000, 0x0000000745d00000, 0x0000000795580000)
  object space 95232K, 16% used [0x0000000740000000,0x0000000740f248c8,0x0000000745d00000)
 Metaspace       used 38783K, capacity 39784K, committed 39936K, reserved 1083392K
  class space    used 5297K, capacity 5541K, committed 5632K, reserved 1048576K
GC Heap History (10 events):
Event: 9.218 GC heap before
{Heap before GC invocations=3 (full 0):
 PSYoungGen      total 38400K, used 11365K [0x0000000795580000, 0x0000000798000000, 0x00000007c0000000)
  eden space 33280K, 18% used [0x0000000795580000,0x0000000795b9c348,0x0000000797600000)
  from space 5120K, 99% used [0x0000000797b00000,0x0000000797ffd378,0x0000000798000000)
  to   space 5120K, 0% used [0x0000000797600000,0x0000000797600000,0x0000000797b00000)
 ParOldGen       total 87552K, used 58416K [0x0000000740000000, 0x0000000745580000, 0x0000000795580000)
  object space 87552K, 66% used [0x0000000740000000,0x000000074390c1f0,0x0000000745580000)
 Metaspace       used 20379K, capacity 21126K, committed 21248K, reserved 1067008K
  class space    used 2775K, capacity 2954K, committed 3072K, reserved 1048576K
Event: 9.225 GC heap after
Heap after GC invocations=3 (full 0):
 PSYoungGen      total 38400K, used 5101K [0x0000000795580000, 0x000000079a080000, 0x00000007c0000000)
  eden space 33280K, 0% used [0x0000000795580000,0x0000000795580000,0x0000000797600000)
  from space 5120K, 99% used [0x0000000797600000,0x0000000797afb7c0,0x0000000797b00000)
  to   space 5120K, 0% used [0x0000000799b80000,0x0000000799b80000,0x000000079a080000)
 ParOldGen       total 87552K, used 59967K [0x0000000740000000, 0x0000000745580000, 0x0000000795580000)
  object space 87552K, 68% used [0x0000000740000000,0x0000000743a8fe58,0x0000000745580000)
 Metaspace       used 20379K, capacity 21126K, committed 21248K, reserved 1067008K
  class space    used 2775K, capacity 2954K, committed 3072K, reserved 1048576K
}
Event: 9.225 GC heap before
{Heap before GC invocations=4 (full 1):
 PSYoungGen      total 38400K, used 5101K [0x0000000795580000, 0x000000079a080000, 0x00000007c0000000)
  eden space 33280K, 0% used [0x0000000795580000,0x0000000795580000,0x0000000797600000)
  from space 5120K, 99% used [0x0000000797600000,0x0000000797afb7c0,0x0000000797b00000)
  to   space 5120K, 0% used [0x0000000799b80000,0x0000000799b80000,0x000000079a080000)
 ParOldGen       total 87552K, used 59967K [0x0000000740000000, 0x0000000745580000, 0x0000000795580000)
  object space 87552K, 68% used [0x0000000740000000,0x0000000743a8fe58,0x0000000745580000)
 Metaspace       used 20379K, capacity 21126K, committed 21248K, reserved 1067008K
  class space    used 2775K, capacity 2954K, committed 3072K, reserved 1048576K
Event: 9.266 GC heap after
Heap after GC invocations=4 (full 1):
 PSYoungGen      total 38400K, used 0K [0x0000000795580000, 0x000000079a080000, 0x00000007c0000000)
  eden space 33280K, 0% used [0x0000000795580000,0x0000000795580000,0x0000000797600000)
  from space 5120K, 0% used [0x0000000797600000,0x0000000797600000,0x0000000797b00000)
  to   space 5120K, 0% used [0x0000000799b80000,0x0000000799b80000,0x000000079a080000)
 ParOldGen       total 65536K, used 9328K [0x0000000740000000, 0x0000000744000000, 0x0000000795580000)
  object space 65536K, 14% used [0x0000000740000000,0x000000074091c040,0x0000000744000000)
 Metaspace       used 20379K, capacity 21126K, committed 21248K, reserved 1067008K
  class space    used 2775K, capacity 2954K, committed 3072K, reserved 1048576K
}
Event: 11.566 GC heap before
{Heap before GC invocations=5 (full 1):
 PSYoungGen      total 38400K, used 33280K [0x0000000795580000, 0x000000079a080000, 0x00000007c0000000)
  eden space 33280K, 100% used [0x0000000795580000,0x0000000797600000,0x0000000797600000)
  from space 5120K, 0% used [0x0000000797600000,0x0000000797600000,0x0000000797b00000)
  to   space 5120K, 0% used [0x0000000799b80000,0x0000000799b80000,0x000000079a080000)
 ParOldGen       total 65536K, used 9328K [0x0000000740000000, 0x0000000744000000, 0x0000000795580000)
  object space 65536K, 14% used [0x0000000740000000,0x000000074091c040,0x0000000744000000)
 Metaspace       used 28489K, capacity 29354K, committed 29696K, reserved 1075200K
  class space    used 3786K, capacity 4006K, committed 4096K, reserved 1048576K
Event: 11.575 GC heap after
Heap after GC invocations=5 (full 1):
 PSYoungGen      total 62464K, used 4885K [0x0000000795580000, 0x000000079a080000, 0x00000007c0000000)
  eden space 57344K, 0% used [0x0000000795580000,0x0000000795580000,0x0000000798d80000)
  from space 5120K, 95% used [0x0000000799b80000,0x000000079a0457b8,0x000000079a080000)
  to   space 5120K, 0% used [0x0000000799680000,0x0000000799680000,0x0000000799b80000)
 ParOldGen       total 65536K, used 9344K [0x0000000740000000, 0x0000000744000000, 0x0000000795580000)
  object space 65536K, 14% used [0x0000000740000000,0x0000000740920040,0x0000000744000000)
 Metaspace       used 28489K, capacity 29354K, committed 29696K, reserved 1075200K
  class space    used 3786K, capacity 4006K, committed 4096K, reserved 1048576K
}
Event: 12.397 GC heap before
{Heap before GC invocations=6 (full 1):
 PSYoungGen      total 62464K, used 34023K [0x0000000795580000, 0x000000079a080000, 0x00000007c0000000)
  eden space 57344K, 50% used [0x0000000795580000,0x00000007971f4618,0x0000000798d80000)
  from space 5120K, 95% used [0x0000000799b80000,0x000000079a0457b8,0x000000079a080000)
  to   space 5120K, 0% used [0x0000000799680000,0x0000000799680000,0x0000000799b80000)
 ParOldGen       total 65536K, used 9344K [0x0000000740000000, 0x0000000744000000, 0x0000000795580000)
  object space 65536K, 14% used [0x0000000740000000,0x0000000740920040,0x0000000744000000)
 Metaspace       used 34484K, capacity 35302K, committed 35416K, reserved 1079296K
  class space    used 4596K, capacity 4812K, committed 4864K, reserved 1048576K
Event: 12.404 GC heap after
Heap after GC invocations=6 (full 1):
 PSYoungGen      total 71680K, used 5094K [0x0000000795580000, 0x000000079ce00000, 0x00000007c0000000)
  eden space 66560K, 0% used [0x0000000795580000,0x0000000795580000,0x0000000799680000)
  from space 5120K, 99% used [0x0000000799680000,0x0000000799b79a28,0x0000000799b80000)
  to   space 12800K, 0% used [0x000000079c180000,0x000000079c180000,0x000000079ce00000)
 ParOldGen       total 65536K, used 11224K [0x0000000740000000, 0x0000000744000000, 0x0000000795580000)
  object space 65536K, 17% used [0x0000000740000000,0x0000000740af6380,0x0000000744000000)
 Metaspace       used 34484K, capacity 35302K, committed 35416K, reserved 1079296K
  class space    used 4596K, capacity 4812K, committed 4864K, reserved 1048576K
}
Event: 12.404 GC heap before
{Heap before GC invocations=7 (full 2):
 PSYoungGen      total 71680K, used 5094K [0x0000000795580000, 0x000000079ce00000, 0x00000007c0000000)
  eden space 66560K, 0% used [0x0000000795580000,0x0000000795580000,0x0000000799680000)
  from space 5120K, 99% used [0x0000000799680000,0x0000000799b79a28,0x0000000799b80000)
  to   space 12800K, 0% used [0x000000079c180000,0x000000079c180000,0x000000079ce00000)
 ParOldGen       total 65536K, used 11224K [0x0000000740000000, 0x0000000744000000, 0x0000000795580000)
  object space 65536K, 17% used [0x0000000740000000,0x0000000740af6380,0x0000000744000000)
 Metaspace       used 34484K, capacity 35302K, committed 35416K, reserved 1079296K
  class space    used 4596K, capacity 4812K, committed 4864K, reserved 1048576K
Event: 12.484 GC heap after
Heap after GC invocations=7 (full 2):
 PSYoungGen      total 71680K, used 0K [0x0000000795580000, 0x000000079ce00000, 0x00000007c0000000)
  eden space 66560K, 0% used [0x0000000795580000,0x0000000795580000,0x0000000799680000)
  from space 5120K, 0% used [0x0000000799680000,0x0000000799680000,0x0000000799b80000)
  to   space 12800K, 0% used [0x000000079c180000,0x000000079c180000,0x000000079ce00000)
 ParOldGen       total 95232K, used 15506K [0x0000000740000000, 0x0000000745d00000, 0x0000000795580000)
  object space 95232K, 16% used [0x0000000740000000,0x0000000740f248c8,0x0000000745d00000)
 Metaspace       used 34484K, capacity 35302K, committed 35416K, reserved 1079296K
  class space    used 4596K, capacity 4812K, committed 4864K, reserved 1048576K
}

