# JRE version: OpenJDK Runtime Environment (Zulu 8.58.0.13-CA-macosx) (8.0_312-b07) (build 1.8.0_312-b07)
# Java VM: OpenJDK 64-Bit Server VM (25.312-b07 mixed mode bsd-amd64 compressed oops)
Heap:
 PSYoungGen      total 71680K, used 55716K [0x0000000795580000, 0x000000079d900000, 0x00000007c0000000)
  eden space 66560K, 83% used [0x0000000795580000,0x0000000798be93b8,0x0000000799680000)
  from space 5120K, 0% used [0x0000000799680000,0x0000000799680000,0x0000000799b80000)
  to   space 13312K, 0% used [0x000000079cc00000,0x000000079cc00000,0x000000079d900000)
 ParOldGen       total 154624K, used 61213K [0x0000000740000000, 0x0000000749700000, 0x0000000795580000)
  object space 154624K, 39% used [0x0000000740000000,0x0000000743bc7600,0x0000000749700000)
 Metaspace       used 28908K, capacity 30300K, committed 30512K, reserved 1075200K
  class space    used 3788K, capacity 4063K, committed 4144K, reserved 1048576K
GC Heap History (10 events):
Event: 8.133 GC heap before
{Heap before GC invocations=3 (full 0):
 PSYoungGen      total 38400K, used 11248K [0x0000000795580000, 0x0000000798000000, 0x00000007c0000000)
  eden space 33280K, 18% used [0x0000000795580000,0x0000000795b7d258,0x0000000797600000)
  from space 5120K, 99% used [0x0000000797b00000,0x0000000797fff160,0x0000000798000000)
  to   space 5120K, 0% used [0x0000000797600000,0x0000000797600000,0x0000000797b00000)
 ParOldGen       total 87552K, used 58377K [0x0000000740000000, 0x0000000745580000, 0x0000000795580000)
  object space 87552K, 66% used [0x0000000740000000,0x00000007439026c8,0x0000000745580000)
 Metaspace       used 20416K, capacity 21222K, committed 21296K, reserved 1067008K
  class space    used 2856K, capacity 3074K, committed 3120K, reserved 1048576K
Event: 8.141 GC heap after
Heap after GC invocations=3 (full 0):
 PSYoungGen      total 38400K, used 5093K [0x0000000795580000, 0x000000079a080000, 0x00000007c0000000)
  eden space 33280K, 0% used [0x0000000795580000,0x0000000795580000,0x0000000797600000)
  from space 5120K, 99% used [0x0000000797600000,0x0000000797af9580,0x0000000797b00000)
  to   space 5120K, 0% used [0x0000000799b80000,0x0000000799b80000,0x000000079a080000)
 ParOldGen       total 87552K, used 60129K [0x0000000740000000, 0x0000000745580000, 0x0000000795580000)
  object space 87552K, 68% used [0x0000000740000000,0x0000000743ab8628,0x0000000745580000)
 Metaspace       used 20416K, capacity 21222K, committed 21296K, reserved 1067008K
  class space    used 2856K, capacity 3074K, committed 3120K, reserved 1048576K
}
Event: 8.141 GC heap before
{Heap before GC invocations=4 (full 1):
 PSYoungGen      total 38400K, used 5093K [0x0000000795580000, 0x000000079a080000, 0x00000007c0000000)
  eden space 33280K, 0% used [0x0000000795580000,0x0000000795580000,0x0000000797600000)
  from space 5120K, 99% used [0x0000000797600000,0x0000000797af9580,0x0000000797b00000)
  to   space 5120K, 0% used [0x0000000799b80000,0x0000000799b80000,0x000000079a080000)
 ParOldGen       total 87552K, used 60129K [0x0000000740000000, 0x0000000745580000, 0x0000000795580000)
  object space 87552K, 68% used [0x0000000740000000,0x0000000743ab8628,0x0000000745580000)
 Metaspace       used 20416K, capacity 21222K, committed 21296K, reserved 1067008K
  class space    used 2856K, capacity 3074K, committed 3120K, reserved 1048576K
Event: 8.179 GC heap after
Heap after GC invocations=4 (full 1):
 PSYoungGen      total 38400K, used 0K [0x0000000795580000, 0x000000079a080000, 0x00000007c0000000)
  eden space 33280K, 0% used [0x0000000795580000,0x0000000795580000,0x0000000797600000)
  from space 5120K, 0% used [0x0000000797600000,0x0000000797600000,0x0000000797b00000)
  to   space 5120K, 0% used [0x0000000799b80000,0x0000000799b80000,0x000000079a080000)
 ParOldGen       total 112128K, used 58342K [0x0000000740000000, 0x0000000746d80000, 0x0000000795580000)
  object space 112128K, 52% used [0x0000000740000000,0x00000007438f9910,0x0000000746d80000)
 Metaspace       used 20416K, capacity 21222K, committed 21296K, reserved 1067008K
  class space    used 2856K, capacity 3074K, committed 3120K, reserved 1048576K
}
Event: 13.013 GC heap before
{Heap before GC invocations=5 (full 1):
 PSYoungGen      total 38400K, used 33280K [0x0000000795580000, 0x000000079a080000, 0x00000007c0000000)
  eden space 33280K, 100% used [0x0000000795580000,0x0000000797600000,0x0000000797600000)
  from space 5120K, 0% used [0x0000000797600000,0x0000000797600000,0x0000000797b00000)
  to   space 5120K, 0% used [0x0000000799b80000,0x0000000799b80000,0x000000079a080000)
 ParOldGen       total 112128K, used 58342K [0x0000000740000000, 0x0000000746d80000, 0x0000000795580000)
  object space 112128K, 52% used [0x0000000740000000,0x00000007438f9910,0x0000000746d80000)
 Metaspace       used 26872K, capacity 28070K, committed 28336K, reserved 1073152K
  class space    used 3661K, capacity 3912K, committed 4016K, reserved 1048576K
Event: 13.022 GC heap after
Heap after GC invocations=5 (full 1):
 PSYoungGen      total 65536K, used 5100K [0x0000000795580000, 0x000000079a080000, 0x00000007c0000000)
  eden space 60416K, 0% used [0x0000000795580000,0x0000000795580000,0x0000000799080000)
  from space 5120K, 99% used [0x0000000799b80000,0x000000079a07b030,0x000000079a080000)
  to   space 5120K, 0% used [0x0000000799680000,0x0000000799680000,0x0000000799b80000)
 ParOldGen       total 112128K, used 61461K [0x0000000740000000, 0x0000000746d80000, 0x0000000795580000)
  object space 112128K, 54% used [0x0000000740000000,0x0000000743c05700,0x0000000746d80000)
 Metaspace       used 26872K, capacity 28070K, committed 28336K, reserved 1073152K
  class space    used 3661K, capacity 3912K, committed 4016K, reserved 1048576K
}
Event: 17.831 GC heap before
{Heap before GC invocations=6 (full 1):
 PSYoungGen      total 65536K, used 65516K [0x0000000795580000, 0x000000079a080000, 0x00000007c0000000)
  eden space 60416K, 100% used [0x0000000795580000,0x0000000799080000,0x0000000799080000)
  from space 5120K, 99% used [0x0000000799b80000,0x000000079a07b030,0x000000079a080000)
  to   space 5120K, 0% used [0x0000000799680000,0x0000000799680000,0x0000000799b80000)
 ParOldGen       total 112128K, used 61461K [0x0000000740000000, 0x0000000746d80000, 0x0000000795580000)
  object space 112128K, 54% used [0x0000000740000000,0x0000000743c05700,0x0000000746d80000)
 Metaspace       used 27582K, capacity 28812K, committed 29104K, reserved 1075200K
  class space    used 3683K, capacity 3955K, committed 4016K, reserved 1048576K
Event: 17.878 GC heap after
Heap after GC invocations=6 (full 1):
 PSYoungGen      total 71680K, used 4645K [0x0000000795580000, 0x000000079d900000, 0x00000007c0000000)
  eden space 66560K, 0% used [0x0000000795580000,0x0000000795580000,0x0000000799680000)
  from space 5120K, 90% used [0x0000000799680000,0x0000000799b09540,0x0000000799b80000)
  to   space 13312K, 0% used [0x000000079cc00000,0x000000079cc00000,0x000000079d900000)
 ParOldGen       total 112128K, used 111437K [0x0000000740000000, 0x0000000746d80000, 0x0000000795580000)
  object space 112128K, 99% used [0x0000000740000000,0x0000000746cd35c8,0x0000000746d80000)
 Metaspace       used 27582K, capacity 28812K, committed 29104K, reserved 1075200K
  class space    used 3683K, capacity 3955K, committed 4016K, reserved 1048576K
}
Event: 17.878 GC heap before
{Heap before GC invocations=7 (full 2):
 PSYoungGen      total 71680K, used 4645K [0x0000000795580000, 0x000000079d900000, 0x00000007c0000000)
  eden space 66560K, 0% used [0x0000000795580000,0x0000000795580000,0x0000000799680000)
  from space 5120K, 90% used [0x0000000799680000,0x0000000799b09540,0x0000000799b80000)
  to   space 13312K, 0% used [0x000000079cc00000,0x000000079cc00000,0x000000079d900000)
 ParOldGen       total 112128K, used 111437K [0x0000000740000000, 0x0000000746d80000, 0x0000000795580000)
  object space 112128K, 99% used [0x0000000740000000,0x0000000746cd35c8,0x0000000746d80000)
 Metaspace       used 27582K, capacity 28812K, committed 29104K, reserved 1075200K
  class space    used 3683K, capacity 3955K, committed 4016K, reserved 1048576K
Event: 17.938 GC heap after
Heap after GC invocations=7 (full 2):
 PSYoungGen      total 71680K, used 0K [0x0000000795580000, 0x000000079d900000, 0x00000007c0000000)
  eden space 66560K, 0% used [0x0000000795580000,0x0000000795580000,0x0000000799680000)
  from space 5120K, 0% used [0x0000000799680000,0x0000000799680000,0x0000000799b80000)
  to   space 13312K, 0% used [0x000000079cc00000,0x000000079cc00000,0x000000079d900000)
 ParOldGen       total 154624K, used 61213K [0x0000000740000000, 0x0000000749700000, 0x0000000795580000)
  object space 154624K, 39% used [0x0000000740000000,0x0000000743bc7600,0x0000000749700000)
 Metaspace       used 27582K, capacity 28812K, committed 29104K, reserved 1075200K
  class space    used 3683K, capacity 3955K, committed 4016K, reserved 1048576K
}

