# JRE version: OpenJDK Runtime Environment (Zulu 8.58.0.13-CA-macosx) (8.0_312-b07) (build 1.8.0_312-b07)
# Java VM: OpenJDK 64-Bit Server VM (25.312-b07 mixed mode bsd-amd64 compressed oops)
Heap:
 PSYoungGen      total 71680K, used 45035K [0x0000000795580000, 0x000000079db80000, 0x00000007c0000000)
  eden space 66560K, 67% used [0x0000000795580000,0x000000079817ac50,0x0000000799680000)
  from space 5120K, 0% used [0x0000000799680000,0x0000000799680000,0x0000000799b80000)
  to   space 12800K, 0% used [0x000000079cf00000,0x000000079cf00000,0x000000079db80000)
 ParOldGen       total 87552K, used 15289K [0x0000000740000000, 0x0000000745580000, 0x0000000795580000)
  object space 87552K, 17% used [0x0000000740000000,0x0000000740eee590,0x0000000745580000)
 Metaspace       used 40368K, capacity 41434K, committed 41728K, reserved 1085440K
  class space    used 5351K, capacity 5598K, committed 5632K, reserved 1048576K
GC Heap History (10 events):
Event: 11.109 GC heap before
{Heap before GC invocations=3 (full 0):
 PSYoungGen      total 38400K, used 11972K [0x0000000795580000, 0x0000000798000000, 0x00000007c0000000)
  eden space 33280K, 20% used [0x0000000795580000,0x0000000795c387c8,0x0000000797600000)
  from space 5120K, 99% used [0x0000000797b00000,0x0000000797ff8ae0,0x0000000798000000)
  to   space 5120K, 0% used [0x0000000797600000,0x0000000797600000,0x0000000797b00000)
 ParOldGen       total 87552K, used 58338K [0x0000000740000000, 0x0000000745580000, 0x0000000795580000)
  object space 87552K, 66% used [0x0000000740000000,0x00000007438f8bc0,0x0000000745580000)
 Metaspace       used 20370K, capacity 21068K, committed 21248K, reserved 1067008K
  class space    used 2768K, capacity 2955K, committed 3072K, reserved 1048576K
Event: 11.115 GC heap after
Heap after GC invocations=3 (full 0):
 PSYoungGen      total 38400K, used 5104K [0x0000000795580000, 0x000000079a080000, 0x00000007c0000000)
  eden space 33280K, 0% used [0x0000000795580000,0x0000000795580000,0x0000000797600000)
  from space 5120K, 99% used [0x0000000797600000,0x0000000797afc040,0x0000000797b00000)
  to   space 5120K, 0% used [0x0000000799b80000,0x0000000799b80000,0x000000079a080000)
 ParOldGen       total 87552K, used 60046K [0x0000000740000000, 0x0000000745580000, 0x0000000795580000)
  object space 87552K, 68% used [0x0000000740000000,0x0000000743aa3a80,0x0000000745580000)
 Metaspace       used 20370K, capacity 21068K, committed 21248K, reserved 1067008K
  class space    used 2768K, capacity 2955K, committed 3072K, reserved 1048576K
}
Event: 11.115 GC heap before
{Heap before GC invocations=4 (full 1):
 PSYoungGen      total 38400K, used 5104K [0x0000000795580000, 0x000000079a080000, 0x00000007c0000000)
  eden space 33280K, 0% used [0x0000000795580000,0x0000000795580000,0x0000000797600000)
  from space 5120K, 99% used [0x0000000797600000,0x0000000797afc040,0x0000000797b00000)
  to   space 5120K, 0% used [0x0000000799b80000,0x0000000799b80000,0x000000079a080000)
 ParOldGen       total 87552K, used 60046K [0x0000000740000000, 0x0000000745580000, 0x0000000795580000)
  object space 87552K, 68% used [0x0000000740000000,0x0000000743aa3a80,0x0000000745580000)
 Metaspace       used 20370K, capacity 21068K, committed 21248K, reserved 1067008K
  class space    used 2768K, capacity 2955K, committed 3072K, reserved 1048576K
Event: 11.149 GC heap after
Heap after GC invocations=4 (full 1):
 PSYoungGen      total 38400K, used 0K [0x0000000795580000, 0x000000079a080000, 0x00000007c0000000)
  eden space 33280K, 0% used [0x0000000795580000,0x0000000795580000,0x0000000797600000)
  from space 5120K, 0% used [0x0000000797600000,0x0000000797600000,0x0000000797b00000)
  to   space 5120K, 0% used [0x0000000799b80000,0x0000000799b80000,0x000000079a080000)
 ParOldGen       total 62464K, used 9015K [0x0000000740000000, 0x0000000743d00000, 0x0000000795580000)
  object space 62464K, 14% used [0x0000000740000000,0x00000007408cdf78,0x0000000743d00000)
 Metaspace       used 20370K, capacity 21068K, committed 21248K, reserved 1067008K
  class space    used 2768K, capacity 2955K, committed 3072K, reserved 1048576K
}
Event: 12.455 GC heap before
{Heap before GC invocations=5 (full 1):
 PSYoungGen      total 38400K, used 33280K [0x0000000795580000, 0x000000079a080000, 0x00000007c0000000)
  eden space 33280K, 100% used [0x0000000795580000,0x0000000797600000,0x0000000797600000)
  from space 5120K, 0% used [0x0000000797600000,0x0000000797600000,0x0000000797b00000)
  to   space 5120K, 0% used [0x0000000799b80000,0x0000000799b80000,0x000000079a080000)
 ParOldGen       total 62464K, used 9015K [0x0000000740000000, 0x0000000743d00000, 0x0000000795580000)
  object space 62464K, 14% used [0x0000000740000000,0x00000007408cdf78,0x0000000743d00000)
 Metaspace       used 28483K, capacity 29372K, committed 29696K, reserved 1075200K
  class space    used 3782K, capacity 4009K, committed 4096K, reserved 1048576K
Event: 12.462 GC heap after
Heap after GC invocations=5 (full 1):
 PSYoungGen      total 66048K, used 4853K [0x0000000795580000, 0x000000079a080000, 0x00000007c0000000)
  eden space 60928K, 0% used [0x0000000795580000,0x0000000795580000,0x0000000799100000)
  from space 5120K, 94% used [0x0000000799b80000,0x000000079a03d7b8,0x000000079a080000)
  to   space 5120K, 0% used [0x0000000799680000,0x0000000799680000,0x0000000799b80000)
 ParOldGen       total 62464K, used 9031K [0x0000000740000000, 0x0000000743d00000, 0x0000000795580000)
  object space 62464K, 14% used [0x0000000740000000,0x00000007408d1f78,0x0000000743d00000)
 Metaspace       used 28483K, capacity 29372K, committed 29696K, reserved 1075200K
  class space    used 3782K, capacity 4009K, committed 4096K, reserved 1048576K
}
Event: 12.987 GC heap before
{Heap before GC invocations=6 (full 1):
 PSYoungGen      total 66048K, used 33620K [0x0000000795580000, 0x000000079a080000, 0x00000007c0000000)
  eden space 60928K, 47% used [0x0000000795580000,0x0000000797197a58,0x0000000799100000)
  from space 5120K, 94% used [0x0000000799b80000,0x000000079a03d7b8,0x000000079a080000)
  to   space 5120K, 0% used [0x0000000799680000,0x0000000799680000,0x0000000799b80000)
 ParOldGen       total 62464K, used 9031K [0x0000000740000000, 0x0000000743d00000, 0x0000000795580000)
  object space 62464K, 14% used [0x0000000740000000,0x00000007408d1f78,0x0000000743d00000)
 Metaspace       used 34398K, capacity 35224K, committed 35416K, reserved 1079296K
  class space    used 4583K, capacity 4783K, committed 4864K, reserved 1048576K
Event: 12.994 GC heap after
Heap after GC invocations=6 (full 1):
 PSYoungGen      total 71680K, used 5112K [0x0000000795580000, 0x000000079db80000, 0x00000007c0000000)
  eden space 66560K, 0% used [0x0000000795580000,0x0000000795580000,0x0000000799680000)
  from space 5120K, 99% used [0x0000000799680000,0x0000000799b7e130,0x0000000799b80000)
  to   space 12800K, 0% used [0x000000079cf00000,0x000000079cf00000,0x000000079db80000)
 ParOldGen       total 62464K, used 10878K [0x0000000740000000, 0x0000000743d00000, 0x0000000795580000)
  object space 62464K, 17% used [0x0000000740000000,0x0000000740a9fa38,0x0000000743d00000)
 Metaspace       used 34398K, capacity 35224K, committed 35416K, reserved 1079296K
  class space    used 4583K, capacity 4783K, committed 4864K, reserved 1048576K
}
Event: 12.994 GC heap before
{Heap before GC invocations=7 (full 2):
 PSYoungGen      total 71680K, used 5112K [0x0000000795580000, 0x000000079db80000, 0x00000007c0000000)
  eden space 66560K, 0% used [0x0000000795580000,0x0000000795580000,0x0000000799680000)
  from space 5120K, 99% used [0x0000000799680000,0x0000000799b7e130,0x0000000799b80000)
  to   space 12800K, 0% used [0x000000079cf00000,0x000000079cf00000,0x000000079db80000)
 ParOldGen       total 62464K, used 10878K [0x0000000740000000, 0x0000000743d00000, 0x0000000795580000)
  object space 62464K, 17% used [0x0000000740000000,0x0000000740a9fa38,0x0000000743d00000)
 Metaspace       used 34398K, capacity 35224K, committed 35416K, reserved 1079296K
  class space    used 4583K, capacity 4783K, committed 4864K, reserved 1048576K
Event: 13.047 GC heap after
Heap after GC invocations=7 (full 2):
 PSYoungGen      total 71680K, used 0K [0x0000000795580000, 0x000000079db80000, 0x00000007c0000000)
  eden space 66560K, 0% used [0x0000000795580000,0x0000000795580000,0x0000000799680000)
  from space 5120K, 0% used [0x0000000799680000,0x0000000799680000,0x0000000799b80000)
  to   space 12800K, 0% used [0x000000079cf00000,0x000000079cf00000,0x000000079db80000)
 ParOldGen       total 87552K, used 15289K [0x0000000740000000, 0x0000000745580000, 0x0000000795580000)
  object space 87552K, 17% used [0x0000000740000000,0x0000000740eee590,0x0000000745580000)
 Metaspace       used 34398K, capacity 35224K, committed 35416K, reserved 1079296K
  class space    used 4583K, capacity 4783K, committed 4864K, reserved 1048576K
}

