# JRE version: OpenJDK Runtime Environment (Zulu 8.58.0.13-CA-macosx) (8.0_312-b07) (build 1.8.0_312-b07)
# Java VM: OpenJDK 64-Bit Server VM (25.312-b07 mixed mode bsd-amd64 compressed oops)
Heap:
 PSYoungGen      total 71680K, used 19674K [0x0000000795580000, 0x000000079db00000, 0x00000007c0000000)
  eden space 66560K, 29% used [0x0000000795580000,0x00000007968b6a10,0x0000000799680000)
  from space 5120K, 0% used [0x0000000799680000,0x0000000799680000,0x0000000799b80000)
  to   space 11776K, 0% used [0x000000079cf80000,0x000000079cf80000,0x000000079db00000)
 ParOldGen       total 86528K, used 15135K [0x0000000740000000, 0x0000000745480000, 0x0000000795580000)
  object space 86528K, 17% used [0x0000000740000000,0x0000000740ec7e40,0x0000000745480000)
 Metaspace       used 39391K, capacity 40412K, committed 40704K, reserved 1085440K
  class space    used 5342K, capacity 5577K, committed 5632K, reserved 1048576K
GC Heap History (10 events):
Event: 9.661 GC heap before
{Heap before GC invocations=3 (full 0):
 PSYoungGen      total 38400K, used 11487K [0x0000000795580000, 0x0000000798000000, 0x00000007c0000000)
  eden space 33280K, 19% used [0x0000000795580000,0x0000000795bb84f0,0x0000000797600000)
  from space 5120K, 99% used [0x0000000797b00000,0x0000000797fffa68,0x0000000798000000)
  to   space 5120K, 0% used [0x0000000797600000,0x0000000797600000,0x0000000797b00000)
 ParOldGen       total 87552K, used 57207K [0x0000000740000000, 0x0000000745580000, 0x0000000795580000)
  object space 87552K, 65% used [0x0000000740000000,0x00000007437ddc20,0x0000000745580000)
 Metaspace       used 20386K, capacity 21126K, committed 21248K, reserved 1067008K
  class space    used 2774K, capacity 2954K, committed 3072K, reserved 1048576K
Event: 9.667 GC heap after
Heap after GC invocations=3 (full 0):
 PSYoungGen      total 38400K, used 5096K [0x0000000795580000, 0x000000079a080000, 0x00000007c0000000)
  eden space 33280K, 0% used [0x0000000795580000,0x0000000795580000,0x0000000797600000)
  from space 5120K, 99% used [0x0000000797600000,0x0000000797afa290,0x0000000797b00000)
  to   space 5120K, 0% used [0x0000000799b80000,0x0000000799b80000,0x000000079a080000)
 ParOldGen       total 87552K, used 58863K [0x0000000740000000, 0x0000000745580000, 0x0000000795580000)
  object space 87552K, 67% used [0x0000000740000000,0x000000074397be40,0x0000000745580000)
 Metaspace       used 20386K, capacity 21126K, committed 21248K, reserved 1067008K
  class space    used 2774K, capacity 2954K, committed 3072K, reserved 1048576K
}
Event: 9.667 GC heap before
{Heap before GC invocations=4 (full 1):
 PSYoungGen      total 38400K, used 5096K [0x0000000795580000, 0x000000079a080000, 0x00000007c0000000)
  eden space 33280K, 0% used [0x0000000795580000,0x0000000795580000,0x0000000797600000)
  from space 5120K, 99% used [0x0000000797600000,0x0000000797afa290,0x0000000797b00000)
  to   space 5120K, 0% used [0x0000000799b80000,0x0000000799b80000,0x000000079a080000)
 ParOldGen       total 87552K, used 58863K [0x0000000740000000, 0x0000000745580000, 0x0000000795580000)
  object space 87552K, 67% used [0x0000000740000000,0x000000074397be40,0x0000000745580000)
 Metaspace       used 20386K, capacity 21126K, committed 21248K, reserved 1067008K
  class space    used 2774K, capacity 2954K, committed 3072K, reserved 1048576K
Event: 9.701 GC heap after
Heap after GC invocations=4 (full 1):
 PSYoungGen      total 38400K, used 0K [0x0000000795580000, 0x000000079a080000, 0x00000007c0000000)
  eden space 33280K, 0% used [0x0000000795580000,0x0000000795580000,0x0000000797600000)
  from space 5120K, 0% used [0x0000000797600000,0x0000000797600000,0x0000000797b00000)
  to   space 5120K, 0% used [0x0000000799b80000,0x0000000799b80000,0x000000079a080000)
 ParOldGen       total 60928K, used 9014K [0x0000000740000000, 0x0000000743b80000, 0x0000000795580000)
  object space 60928K, 14% used [0x0000000740000000,0x00000007408cdaa8,0x0000000743b80000)
 Metaspace       used 20386K, capacity 21126K, committed 21248K, reserved 1067008K
  class space    used 2774K, capacity 2954K, committed 3072K, reserved 1048576K
}
Event: 10.945 GC heap before
{Heap before GC invocations=5 (full 1):
 PSYoungGen      total 38400K, used 33280K [0x0000000795580000, 0x000000079a080000, 0x00000007c0000000)
  eden space 33280K, 100% used [0x0000000795580000,0x0000000797600000,0x0000000797600000)
  from space 5120K, 0% used [0x0000000797600000,0x0000000797600000,0x0000000797b00000)
  to   space 5120K, 0% used [0x0000000799b80000,0x0000000799b80000,0x000000079a080000)
 ParOldGen       total 60928K, used 9014K [0x0000000740000000, 0x0000000743b80000, 0x0000000795580000)
  object space 60928K, 14% used [0x0000000740000000,0x00000007408cdaa8,0x0000000743b80000)
 Metaspace       used 28479K, capacity 29354K, committed 29696K, reserved 1075200K
  class space    used 3788K, capacity 4006K, committed 4096K, reserved 1048576K
Event: 10.953 GC heap after
Heap after GC invocations=5 (full 1):
 PSYoungGen      total 66048K, used 4864K [0x0000000795580000, 0x000000079a080000, 0x00000007c0000000)
  eden space 60928K, 0% used [0x0000000795580000,0x0000000795580000,0x0000000799100000)
  from space 5120K, 95% used [0x0000000799b80000,0x000000079a0403c8,0x000000079a080000)
  to   space 5120K, 0% used [0x0000000799680000,0x0000000799680000,0x0000000799b80000)
 ParOldGen       total 60928K, used 9022K [0x0000000740000000, 0x0000000743b80000, 0x0000000795580000)
  object space 60928K, 14% used [0x0000000740000000,0x00000007408cfaa8,0x0000000743b80000)
 Metaspace       used 28479K, capacity 29354K, committed 29696K, reserved 1075200K
  class space    used 3788K, capacity 4006K, committed 4096K, reserved 1048576K
}
Event: 11.394 GC heap before
{Heap before GC invocations=6 (full 1):
 PSYoungGen      total 66048K, used 33130K [0x0000000795580000, 0x000000079a080000, 0x00000007c0000000)
  eden space 60928K, 46% used [0x0000000795580000,0x000000079711a818,0x0000000799100000)
  from space 5120K, 95% used [0x0000000799b80000,0x000000079a0403c8,0x000000079a080000)
  to   space 5120K, 0% used [0x0000000799680000,0x0000000799680000,0x0000000799b80000)
 ParOldGen       total 60928K, used 9022K [0x0000000740000000, 0x0000000743b80000, 0x0000000795580000)
  object space 60928K, 14% used [0x0000000740000000,0x00000007408cfaa8,0x0000000743b80000)
 Metaspace       used 34492K, capacity 35302K, committed 35416K, reserved 1079296K
  class space    used 4597K, capacity 4812K, committed 4864K, reserved 1048576K
Event: 11.410 GC heap after
Heap after GC invocations=6 (full 1):
 PSYoungGen      total 71680K, used 5099K [0x0000000795580000, 0x000000079db00000, 0x00000007c0000000)
  eden space 66560K, 0% used [0x0000000795580000,0x0000000795580000,0x0000000799680000)
  from space 5120K, 99% used [0x0000000799680000,0x0000000799b7afb0,0x0000000799b80000)
  to   space 11776K, 0% used [0x000000079cf80000,0x000000079cf80000,0x000000079db00000)
 ParOldGen       total 60928K, used 10799K [0x0000000740000000, 0x0000000743b80000, 0x0000000795580000)
  object space 60928K, 17% used [0x0000000740000000,0x0000000740a8be70,0x0000000743b80000)
 Metaspace       used 34492K, capacity 35302K, committed 35416K, reserved 1079296K
  class space    used 4597K, capacity 4812K, committed 4864K, reserved 1048576K
}
Event: 11.410 GC heap before
{Heap before GC invocations=7 (full 2):
 PSYoungGen      total 71680K, used 5099K [0x0000000795580000, 0x000000079db00000, 0x00000007c0000000)
  eden space 66560K, 0% used [0x0000000795580000,0x0000000795580000,0x0000000799680000)
  from space 5120K, 99% used [0x0000000799680000,0x0000000799b7afb0,0x0000000799b80000)
  to   space 11776K, 0% used [0x000000079cf80000,0x000000079cf80000,0x000000079db00000)
 ParOldGen       total 60928K, used 10799K [0x0000000740000000, 0x0000000743b80000, 0x0000000795580000)
  object space 60928K, 17% used [0x0000000740000000,0x0000000740a8be70,0x0000000743b80000)
 Metaspace       used 34492K, capacity 35302K, committed 35416K, reserved 1079296K
  class space    used 4597K, capacity 4812K, committed 4864K, reserved 1048576K
Event: 11.485 GC heap after
Heap after GC invocations=7 (full 2):
 PSYoungGen      total 71680K, used 0K [0x0000000795580000, 0x000000079db00000, 0x00000007c0000000)
  eden space 66560K, 0% used [0x0000000795580000,0x0000000795580000,0x0000000799680000)
  from space 5120K, 0% used [0x0000000799680000,0x0000000799680000,0x0000000799b80000)
  to   space 11776K, 0% used [0x000000079cf80000,0x000000079cf80000,0x000000079db00000)
 ParOldGen       total 86528K, used 15135K [0x0000000740000000, 0x0000000745480000, 0x0000000795580000)
  object space 86528K, 17% used [0x0000000740000000,0x0000000740ec7e40,0x0000000745480000)
 Metaspace       used 34492K, capacity 35302K, committed 35416K, reserved 1079296K
  class space    used 4597K, capacity 4812K, committed 4864K, reserved 1048576K
}

