# JRE version: OpenJDK Runtime Environment (Zulu 8.58.0.13-CA-macosx) (8.0_312-b07) (build 1.8.0_312-b07)
# Java VM: OpenJDK 64-Bit Server VM (25.312-b07 mixed mode bsd-amd64 compressed oops)
Heap:
 PSYoungGen      total 71680K, used 22064K [0x0000000795580000, 0x000000079de00000, 0x00000007c0000000)
  eden space 66560K, 33% used [0x0000000795580000,0x0000000796b0c188,0x0000000799680000)
  from space 5120K, 0% used [0x0000000799680000,0x0000000799680000,0x0000000799b80000)
  to   space 12288K, 0% used [0x000000079d200000,0x000000079d200000,0x000000079de00000)
 ParOldGen       total 84992K, used 15321K [0x0000000740000000, 0x0000000745300000, 0x0000000795580000)
  object space 84992K, 18% used [0x0000000740000000,0x0000000740ef6498,0x0000000745300000)
 Metaspace       used 39602K, capacity 40680K, committed 40960K, reserved 1085440K
  class space    used 5344K, capacity 5591K, committed 5632K, reserved 1048576K
GC Heap History (10 events):
Event: 10.700 GC heap before
{Heap before GC invocations=3 (full 0):
 PSYoungGen      total 38400K, used 11474K [0x0000000795580000, 0x0000000798000000, 0x00000007c0000000)
  eden space 33280K, 19% used [0x0000000795580000,0x0000000795bb89a8,0x0000000797600000)
  from space 5120K, 99% used [0x0000000797b00000,0x0000000797ffc040,0x0000000798000000)
  to   space 5120K, 0% used [0x0000000797600000,0x0000000797600000,0x0000000797b00000)
 ParOldGen       total 87552K, used 57428K [0x0000000740000000, 0x0000000745580000, 0x0000000795580000)
  object space 87552K, 65% used [0x0000000740000000,0x0000000743815060,0x0000000745580000)
 Metaspace       used 20326K, capacity 21068K, committed 21248K, reserved 1067008K
  class space    used 2773K, capacity 2955K, committed 3072K, reserved 1048576K
Event: 10.707 GC heap after
Heap after GC invocations=3 (full 0):
 PSYoungGen      total 38400K, used 5088K [0x0000000795580000, 0x000000079a080000, 0x00000007c0000000)
  eden space 33280K, 0% used [0x0000000795580000,0x0000000795580000,0x0000000797600000)
  from space 5120K, 99% used [0x0000000797600000,0x0000000797af8050,0x0000000797b00000)
  to   space 5120K, 0% used [0x0000000799b80000,0x0000000799b80000,0x000000079a080000)
 ParOldGen       total 87552K, used 59110K [0x0000000740000000, 0x0000000745580000, 0x0000000795580000)
  object space 87552K, 67% used [0x0000000740000000,0x00000007439b9998,0x0000000745580000)
 Metaspace       used 20326K, capacity 21068K, committed 21248K, reserved 1067008K
  class space    used 2773K, capacity 2955K, committed 3072K, reserved 1048576K
}
Event: 10.707 GC heap before
{Heap before GC invocations=4 (full 1):
 PSYoungGen      total 38400K, used 5088K [0x0000000795580000, 0x000000079a080000, 0x00000007c0000000)
  eden space 33280K, 0% used [0x0000000795580000,0x0000000795580000,0x0000000797600000)
  from space 5120K, 99% used [0x0000000797600000,0x0000000797af8050,0x0000000797b00000)
  to   space 5120K, 0% used [0x0000000799b80000,0x0000000799b80000,0x000000079a080000)
 ParOldGen       total 87552K, used 59110K [0x0000000740000000, 0x0000000745580000, 0x0000000795580000)
  object space 87552K, 67% used [0x0000000740000000,0x00000007439b9998,0x0000000745580000)
 Metaspace       used 20326K, capacity 21068K, committed 21248K, reserved 1067008K
  class space    used 2773K, capacity 2955K, committed 3072K, reserved 1048576K
Event: 10.740 GC heap after
Heap after GC invocations=4 (full 1):
 PSYoungGen      total 38400K, used 0K [0x0000000795580000, 0x000000079a080000, 0x00000007c0000000)
  eden space 33280K, 0% used [0x0000000795580000,0x0000000795580000,0x0000000797600000)
  from space 5120K, 0% used [0x0000000797600000,0x0000000797600000,0x0000000797b00000)
  to   space 5120K, 0% used [0x0000000799b80000,0x0000000799b80000,0x000000079a080000)
 ParOldGen       total 59904K, used 8993K [0x0000000740000000, 0x0000000743a80000, 0x0000000795580000)
  object space 59904K, 15% used [0x0000000740000000,0x00000007408c84c0,0x0000000743a80000)
 Metaspace       used 20326K, capacity 21068K, committed 21248K, reserved 1067008K
  class space    used 2773K, capacity 2955K, committed 3072K, reserved 1048576K
}
Event: 11.954 GC heap before
{Heap before GC invocations=5 (full 1):
 PSYoungGen      total 38400K, used 33280K [0x0000000795580000, 0x000000079a080000, 0x00000007c0000000)
  eden space 33280K, 100% used [0x0000000795580000,0x0000000797600000,0x0000000797600000)
  from space 5120K, 0% used [0x0000000797600000,0x0000000797600000,0x0000000797b00000)
  to   space 5120K, 0% used [0x0000000799b80000,0x0000000799b80000,0x000000079a080000)
 ParOldGen       total 59904K, used 8993K [0x0000000740000000, 0x0000000743a80000, 0x0000000795580000)
  object space 59904K, 15% used [0x0000000740000000,0x00000007408c84c0,0x0000000743a80000)
 Metaspace       used 28479K, capacity 29372K, committed 29696K, reserved 1075200K
  class space    used 3786K, capacity 4009K, committed 4096K, reserved 1048576K
Event: 11.961 GC heap after
Heap after GC invocations=5 (full 1):
 PSYoungGen      total 67072K, used 4869K [0x0000000795580000, 0x000000079a080000, 0x00000007c0000000)
  eden space 61952K, 0% used [0x0000000795580000,0x0000000795580000,0x0000000799200000)
  from space 5120K, 95% used [0x0000000799b80000,0x000000079a0417c8,0x000000079a080000)
  to   space 5120K, 0% used [0x0000000799680000,0x0000000799680000,0x0000000799b80000)
 ParOldGen       total 59904K, used 9009K [0x0000000740000000, 0x0000000743a80000, 0x0000000795580000)
  object space 59904K, 15% used [0x0000000740000000,0x00000007408cc4c0,0x0000000743a80000)
 Metaspace       used 28479K, capacity 29372K, committed 29696K, reserved 1075200K
  class space    used 3786K, capacity 4009K, committed 4096K, reserved 1048576K
}
Event: 12.410 GC heap before
{Heap before GC invocations=6 (full 1):
 PSYoungGen      total 67072K, used 34036K [0x0000000795580000, 0x000000079a080000, 0x00000007c0000000)
  eden space 61952K, 47% used [0x0000000795580000,0x00000007971fb958,0x0000000799200000)
  from space 5120K, 95% used [0x0000000799b80000,0x000000079a0417c8,0x000000079a080000)
  to   space 5120K, 0% used [0x0000000799680000,0x0000000799680000,0x0000000799b80000)
 ParOldGen       total 59904K, used 9009K [0x0000000740000000, 0x0000000743a80000, 0x0000000795580000)
  object space 59904K, 15% used [0x0000000740000000,0x00000007408cc4c0,0x0000000743a80000)
 Metaspace       used 34428K, capacity 35224K, committed 35416K, reserved 1079296K
  class space    used 4590K, capacity 4783K, committed 4864K, reserved 1048576K
Event: 12.420 GC heap after
Heap after GC invocations=6 (full 1):
 PSYoungGen      total 71680K, used 5117K [0x0000000795580000, 0x000000079de00000, 0x00000007c0000000)
  eden space 66560K, 0% used [0x0000000795580000,0x0000000795580000,0x0000000799680000)
  from space 5120K, 99% used [0x0000000799680000,0x0000000799b7f428,0x0000000799b80000)
  to   space 12288K, 0% used [0x000000079d200000,0x000000079d200000,0x000000079de00000)
 ParOldGen       total 59904K, used 10898K [0x0000000740000000, 0x0000000743a80000, 0x0000000795580000)
  object space 59904K, 18% used [0x0000000740000000,0x0000000740aa4bc0,0x0000000743a80000)
 Metaspace       used 34428K, capacity 35224K, committed 35416K, reserved 1079296K
  class space    used 4590K, capacity 4783K, committed 4864K, reserved 1048576K
}
Event: 12.420 GC heap before
{Heap before GC invocations=7 (full 2):
 PSYoungGen      total 71680K, used 5117K [0x0000000795580000, 0x000000079de00000, 0x00000007c0000000)
  eden space 66560K, 0% used [0x0000000795580000,0x0000000795580000,0x0000000799680000)
  from space 5120K, 99% used [0x0000000799680000,0x0000000799b7f428,0x0000000799b80000)
  to   space 12288K, 0% used [0x000000079d200000,0x000000079d200000,0x000000079de00000)
 ParOldGen       total 59904K, used 10898K [0x0000000740000000, 0x0000000743a80000, 0x0000000795580000)
  object space 59904K, 18% used [0x0000000740000000,0x0000000740aa4bc0,0x0000000743a80000)
 Metaspace       used 34428K, capacity 35224K, committed 35416K, reserved 1079296K
  class space    used 4590K, capacity 4783K, committed 4864K, reserved 1048576K
Event: 12.486 GC heap after
Heap after GC invocations=7 (full 2):
 PSYoungGen      total 71680K, used 0K [0x0000000795580000, 0x000000079de00000, 0x00000007c0000000)
  eden space 66560K, 0% used [0x0000000795580000,0x0000000795580000,0x0000000799680000)
  from space 5120K, 0% used [0x0000000799680000,0x0000000799680000,0x0000000799b80000)
  to   space 12288K, 0% used [0x000000079d200000,0x000000079d200000,0x000000079de00000)
 ParOldGen       total 84992K, used 15321K [0x0000000740000000, 0x0000000745300000, 0x0000000795580000)
  object space 84992K, 18% used [0x0000000740000000,0x0000000740ef6498,0x0000000745300000)
 Metaspace       used 34428K, capacity 35224K, committed 35416K, reserved 1079296K
  class space    used 4590K, capacity 4783K, committed 4864K, reserved 1048576K
}

