# JRE version: OpenJDK Runtime Environment (Zulu 8.58.0.13-CA-macosx) (8.0_312-b07) (build 1.8.0_312-b07)
# Java VM: OpenJDK 64-Bit Server VM (25.312-b07 mixed mode bsd-amd64 compressed oops)
Heap:
 PSYoungGen      total 68608K, used 25176K [0x0000000795580000, 0x000000079a080000, 0x00000007c0000000)
  eden space 63488K, 31% used [0x0000000795580000,0x000000079691cfa8,0x0000000799380000)
  from space 5120K, 99% used [0x0000000799b80000,0x000000079a0793a0,0x000000079a080000)
  to   space 5120K, 0% used [0x0000000799680000,0x0000000799680000,0x0000000799b80000)
 ParOldGen       total 107520K, used 58041K [0x0000000740000000, 0x0000000746900000, 0x0000000795580000)
  object space 107520K, 53% used [0x0000000740000000,0x00000007438ae6d8,0x0000000746900000)
 Metaspace       used 28933K, capacity 30432K, committed 30640K, reserved 1075200K
  class space    used 3948K, capacity 4243K, committed 4272K, reserved 1048576K
GC Heap History (10 events):
Event: 2.197 GC heap before
{Heap before GC invocations=1 (full 0):
 PSYoungGen      total 38400K, used 33280K [0x0000000795580000, 0x0000000798000000, 0x00000007c0000000)
  eden space 33280K, 100% used [0x0000000795580000,0x0000000797600000,0x0000000797600000)
  from space 5120K, 0% used [0x0000000797b00000,0x0000000797b00000,0x0000000798000000)
  to   space 5120K, 0% used [0x0000000797600000,0x0000000797600000,0x0000000797b00000)
 ParOldGen       total 87552K, used 48847K [0x0000000740000000, 0x0000000745580000, 0x0000000795580000)
  object space 87552K, 55% used [0x0000000740000000,0x0000000742fb3eb8,0x0000000745580000)
 Metaspace       used 11880K, capacity 12326K, committed 12416K, reserved 1060864K
  class space    used 1532K, capacity 1664K, committed 1664K, reserved 1048576K
Event: 2.206 GC heap after
Heap after GC invocations=1 (full 0):
 PSYoungGen      total 38400K, used 5097K [0x0000000795580000, 0x0000000798000000, 0x00000007c0000000)
  eden space 33280K, 0% used [0x0000000795580000,0x0000000795580000,0x0000000797600000)
  from space 5120K, 99% used [0x0000000797600000,0x0000000797afa730,0x0000000797b00000)
  to   space 5120K, 0% used [0x0000000797b00000,0x0000000797b00000,0x0000000798000000)
 ParOldGen       total 87552K, used 51236K [0x0000000740000000, 0x0000000745580000, 0x0000000795580000)
  object space 87552K, 58% used [0x0000000740000000,0x0000000743209030,0x0000000745580000)
 Metaspace       used 11880K, capacity 12326K, committed 12416K, reserved 1060864K
  class space    used 1532K, capacity 1664K, committed 1664K, reserved 1048576K
}
Event: 13.806 GC heap before
{Heap before GC invocations=2 (full 0):
 PSYoungGen      total 38400K, used 38377K [0x0000000795580000, 0x0000000798000000, 0x00000007c0000000)
  eden space 33280K, 100% used [0x0000000795580000,0x0000000797600000,0x0000000797600000)
  from space 5120K, 99% used [0x0000000797600000,0x0000000797afa730,0x0000000797b00000)
  to   space 5120K, 0% used [0x0000000797b00000,0x0000000797b00000,0x0000000798000000)
 ParOldGen       total 87552K, used 51236K [0x0000000740000000, 0x0000000745580000, 0x0000000795580000)
  object space 87552K, 58% used [0x0000000740000000,0x0000000743209030,0x0000000745580000)
 Metaspace       used 19352K, capacity 20262K, committed 20480K, reserved 1067008K
  class space    used 2783K, capacity 3020K, committed 3072K, reserved 1048576K
Event: 13.817 GC heap after
Heap after GC invocations=2 (full 0):
 PSYoungGen      total 38400K, used 5105K [0x0000000795580000, 0x0000000798000000, 0x00000007c0000000)
  eden space 33280K, 0% used [0x0000000795580000,0x0000000795580000,0x0000000797600000)
  from space 5120K, 99% used [0x0000000797b00000,0x0000000797ffc570,0x0000000798000000)
  to   space 5120K, 0% used [0x0000000797600000,0x0000000797600000,0x0000000797b00000)
 ParOldGen       total 87552K, used 57809K [0x0000000740000000, 0x0000000745580000, 0x0000000795580000)
  object space 87552K, 66% used [0x0000000740000000,0x0000000743874468,0x0000000745580000)
 Metaspace       used 19352K, capacity 20262K, committed 20480K, reserved 1067008K
  class space    used 2783K, capacity 3020K, committed 3072K, reserved 1048576K
}
Event: 13.875 GC heap before
{Heap before GC invocations=3 (full 0):
 PSYoungGen      total 38400K, used 9012K [0x0000000795580000, 0x0000000798000000, 0x00000007c0000000)
  eden space 33280K, 11% used [0x0000000795580000,0x0000000795950c30,0x0000000797600000)
  from space 5120K, 99% used [0x0000000797b00000,0x0000000797ffc570,0x0000000798000000)
  to   space 5120K, 0% used [0x0000000797600000,0x0000000797600000,0x0000000797b00000)
 ParOldGen       total 87552K, used 57809K [0x0000000740000000, 0x0000000745580000, 0x0000000795580000)
  object space 87552K, 66% used [0x0000000740000000,0x0000000743874468,0x0000000745580000)
 Metaspace       used 20366K, capacity 21222K, committed 21296K, reserved 1067008K
  class space    used 2872K, capacity 3084K, committed 3120K, reserved 1048576K
Event: 13.881 GC heap after
Heap after GC invocations=3 (full 0):
 PSYoungGen      total 38400K, used 5117K [0x0000000795580000, 0x000000079a080000, 0x00000007c0000000)
  eden space 33280K, 0% used [0x0000000795580000,0x0000000795580000,0x0000000797600000)
  from space 5120K, 99% used [0x0000000797600000,0x0000000797aff488,0x0000000797b00000)
  to   space 5120K, 0% used [0x0000000799b80000,0x0000000799b80000,0x000000079a080000)
 ParOldGen       total 87552K, used 58442K [0x0000000740000000, 0x0000000745580000, 0x0000000795580000)
  object space 87552K, 66% used [0x0000000740000000,0x0000000743912a08,0x0000000745580000)
 Metaspace       used 20366K, capacity 21222K, committed 21296K, reserved 1067008K
  class space    used 2872K, capacity 3084K, committed 3120K, reserved 1048576K
}
Event: 13.881 GC heap before
{Heap before GC invocations=4 (full 1):
 PSYoungGen      total 38400K, used 5117K [0x0000000795580000, 0x000000079a080000, 0x00000007c0000000)
  eden space 33280K, 0% used [0x0000000795580000,0x0000000795580000,0x0000000797600000)
  from space 5120K, 99% used [0x0000000797600000,0x0000000797aff488,0x0000000797b00000)
  to   space 5120K, 0% used [0x0000000799b80000,0x0000000799b80000,0x000000079a080000)
 ParOldGen       total 87552K, used 58442K [0x0000000740000000, 0x0000000745580000, 0x0000000795580000)
  object space 87552K, 66% used [0x0000000740000000,0x0000000743912a08,0x0000000745580000)
 Metaspace       used 20366K, capacity 21222K, committed 21296K, reserved 1067008K
  class space    used 2872K, capacity 3084K, committed 3120K, reserved 1048576K
Event: 13.918 GC heap after
Heap after GC invocations=4 (full 1):
 PSYoungGen      total 38400K, used 0K [0x0000000795580000, 0x000000079a080000, 0x00000007c0000000)
  eden space 33280K, 0% used [0x0000000795580000,0x0000000795580000,0x0000000797600000)
  from space 5120K, 0% used [0x0000000797600000,0x0000000797600000,0x0000000797b00000)
  to   space 5120K, 0% used [0x0000000799b80000,0x0000000799b80000,0x000000079a080000)
 ParOldGen       total 107520K, used 57184K [0x0000000740000000, 0x0000000746900000, 0x0000000795580000)
  object space 107520K, 53% used [0x0000000740000000,0x00000007437d8288,0x0000000746900000)
 Metaspace       used 20366K, capacity 21222K, committed 21296K, reserved 1067008K
  class space    used 2872K, capacity 3084K, committed 3120K, reserved 1048576K
}
Event: 14.654 GC heap before
{Heap before GC invocations=5 (full 1):
 PSYoungGen      total 38400K, used 33280K [0x0000000795580000, 0x000000079a080000, 0x00000007c0000000)
  eden space 33280K, 100% used [0x0000000795580000,0x0000000797600000,0x0000000797600000)
  from space 5120K, 0% used [0x0000000797600000,0x0000000797600000,0x0000000797b00000)
  to   space 5120K, 0% used [0x0000000799b80000,0x0000000799b80000,0x000000079a080000)
 ParOldGen       total 107520K, used 57184K [0x0000000740000000, 0x0000000746900000, 0x0000000795580000)
  object space 107520K, 53% used [0x0000000740000000,0x00000007437d8288,0x0000000746900000)
 Metaspace       used 26990K, capacity 28274K, committed 28336K, reserved 1073152K
  class space    used 3714K, capacity 3958K, committed 4016K, reserved 1048576K
Event: 14.661 GC heap after
Heap after GC invocations=5 (full 1):
 PSYoungGen      total 68608K, used 5092K [0x0000000795580000, 0x000000079a080000, 0x00000007c0000000)
  eden space 63488K, 0% used [0x0000000795580000,0x0000000795580000,0x0000000799380000)
  from space 5120K, 99% used [0x0000000799b80000,0x000000079a0793a0,0x000000079a080000)
  to   space 5120K, 0% used [0x0000000799680000,0x0000000799680000,0x0000000799b80000)
 ParOldGen       total 107520K, used 58041K [0x0000000740000000, 0x0000000746900000, 0x0000000795580000)
  object space 107520K, 53% used [0x0000000740000000,0x00000007438ae6d8,0x0000000746900000)
 Metaspace       used 26990K, capacity 28274K, committed 28336K, reserved 1073152K
  class space    used 3714K, capacity 3958K, committed 4016K, reserved 1048576K
}

